# JRE version: Java(TM) SE Runtime Environment (8.0_201-b09) (build 1.8.0_201-b09)
# Java VM: Java HotSpot(TM) 64-Bit Server VM (25.201-b09 mixed mode windows-amd64 compressed oops)
Heap:
 PSYoungGen      total 138240K, used 95164K [0x00000000d6100000, 0x00000000e1980000, 0x0000000100000000)
  eden space 129024K, 73% used [0x00000000d6100000,0x00000000dbdef048,0x00000000ddf00000)
  from space 9216K, 0% used [0x00000000ddf00000,0x00000000ddf00000,0x00000000de800000)
  to   space 11776K, 0% used [0x00000000e0e00000,0x00000000e0e00000,0x00000000e1980000)
 ParOldGen       total 55296K, used 15959K [0x0000000082200000, 0x0000000085800000, 0x00000000d6100000)
  object space 55296K, 28% used [0x0000000082200000,0x0000000083195ca8,0x0000000085800000)
 Metaspace       used 47866K, capacity 50260K, committed 50304K, reserved 1093632K
  class space    used 6606K, capacity 7023K, committed 7040K, reserved 1048576K
GC Heap History (10 events):
Event: 2.003 GC heap before
{Heap before GC invocations=5 (full 0):
 PSYoungGen      total 70656K, used 35003K [0x00000000d6100000, 0x00000000dab00000, 0x0000000100000000)
  eden space 65536K, 46% used [0x00000000d6100000,0x00000000d7e71df0,0x00000000da100000)
  from space 5120K, 94% used [0x00000000da600000,0x00000000daabce90,0x00000000dab00000)
  to   space 5120K, 0% used [0x00000000da100000,0x00000000da100000,0x00000000da600000)
 ParOldGen       total 86016K, used 4261K [0x0000000082200000, 0x0000000087600000, 0x00000000d6100000)
  object space 86016K, 4% used [0x0000000082200000,0x00000000826296a0,0x0000000087600000)
 Metaspace       used 20361K, capacity 21222K, committed 21296K, reserved 1069056K
  class space    used 2543K, capacity 2765K, committed 2816K, reserved 1048576K
Event: 2.010 GC heap after
Heap after GC invocations=5 (full 0):
 PSYoungGen      total 70656K, used 5104K [0x00000000d6100000, 0x00000000df200000, 0x0000000100000000)
  eden space 65536K, 0% used [0x00000000d6100000,0x00000000d6100000,0x00000000da100000)
  from space 5120K, 99% used [0x00000000da100000,0x00000000da5fc318,0x00000000da600000)
  to   space 8704K, 0% used [0x00000000de980000,0x00000000de980000,0x00000000df200000)
 ParOldGen       total 86016K, used 6135K [0x0000000082200000, 0x0000000087600000, 0x00000000d6100000)
  object space 86016K, 7% used [0x0000000082200000,0x00000000827fdf98,0x0000000087600000)
 Metaspace       used 20361K, capacity 21222K, committed 21296K, reserved 1069056K
  class space    used 2543K, capacity 2765K, committed 2816K, reserved 1048576K
}
Event: 2.010 GC heap before
{Heap before GC invocations=6 (full 1):
 PSYoungGen      total 70656K, used 5104K [0x00000000d6100000, 0x00000000df200000, 0x0000000100000000)
  eden space 65536K, 0% used [0x00000000d6100000,0x00000000d6100000,0x00000000da100000)
  from space 5120K, 99% used [0x00000000da100000,0x00000000da5fc318,0x00000000da600000)
  to   space 8704K, 0% used [0x00000000de980000,0x00000000de980000,0x00000000df200000)
 ParOldGen       total 86016K, used 6135K [0x0000000082200000, 0x0000000087600000, 0x00000000d6100000)
  object space 86016K, 7% used [0x0000000082200000,0x00000000827fdf98,0x0000000087600000)
 Metaspace       used 20361K, capacity 21222K, committed 21296K, reserved 1069056K
  class space    used 2543K, capacity 2765K, committed 2816K, reserved 1048576K
Event: 2.042 GC heap after
Heap after GC invocations=6 (full 1):
 PSYoungGen      total 70656K, used 0K [0x00000000d6100000, 0x00000000df200000, 0x0000000100000000)
  eden space 65536K, 0% used [0x00000000d6100000,0x00000000d6100000,0x00000000da100000)
  from space 5120K, 0% used [0x00000000da100000,0x00000000da100000,0x00000000da600000)
  to   space 8704K, 0% used [0x00000000de980000,0x00000000de980000,0x00000000df200000)
 ParOldGen       total 55296K, used 6883K [0x0000000082200000, 0x0000000085800000, 0x00000000d6100000)
  object space 55296K, 12% used [0x0000000082200000,0x00000000828b8f18,0x0000000085800000)
 Metaspace       used 20361K, capacity 21222K, committed 21296K, reserved 1069056K
  class space    used 2543K, capacity 2765K, committed 2816K, reserved 1048576K
}
Event: 3.113 GC heap before
{Heap before GC invocations=7 (full 1):
 PSYoungGen      total 70656K, used 65536K [0x00000000d6100000, 0x00000000df200000, 0x0000000100000000)
  eden space 65536K, 100% used [0x00000000d6100000,0x00000000da100000,0x00000000da100000)
  from space 5120K, 0% used [0x00000000da100000,0x00000000da100000,0x00000000da600000)
  to   space 8704K, 0% used [0x00000000de980000,0x00000000de980000,0x00000000df200000)
 ParOldGen       total 55296K, used 6883K [0x0000000082200000, 0x0000000085800000, 0x00000000d6100000)
  object space 55296K, 12% used [0x0000000082200000,0x00000000828b8f18,0x0000000085800000)
 Metaspace       used 25045K, capacity 26374K, committed 26624K, reserved 1073152K
  class space    used 3222K, capacity 3509K, committed 3584K, reserved 1048576K
Event: 3.121 GC heap after
Heap after GC invocations=7 (full 1):
 PSYoungGen      total 113152K, used 7587K [0x00000000d6100000, 0x00000000df100000, 0x0000000100000000)
  eden space 105472K, 0% used [0x00000000d6100000,0x00000000d6100000,0x00000000dc800000)
  from space 7680K, 98% used [0x00000000de980000,0x00000000df0e8cb0,0x00000000df100000)
  to   space 9216K, 0% used [0x00000000ddf00000,0x00000000ddf00000,0x00000000de800000)
 ParOldGen       total 55296K, used 6891K [0x0000000082200000, 0x0000000085800000, 0x00000000d6100000)
  object space 55296K, 12% used [0x0000000082200000,0x00000000828baf18,0x0000000085800000)
 Metaspace       used 25045K, capacity 26374K, committed 26624K, reserved 1073152K
  class space    used 3222K, capacity 3509K, committed 3584K, reserved 1048576K
}
Event: 5.008 GC heap before
{Heap before GC invocations=8 (full 1):
 PSYoungGen      total 113152K, used 73121K [0x00000000d6100000, 0x00000000df100000, 0x0000000100000000)
  eden space 105472K, 62% used [0x00000000d6100000,0x00000000da0ff788,0x00000000dc800000)
  from space 7680K, 98% used [0x00000000de980000,0x00000000df0e8cb0,0x00000000df100000)
  to   space 9216K, 0% used [0x00000000ddf00000,0x00000000ddf00000,0x00000000de800000)
 ParOldGen       total 55296K, used 6891K [0x0000000082200000, 0x0000000085800000, 0x00000000d6100000)
  object space 55296K, 12% used [0x0000000082200000,0x00000000828baf18,0x0000000085800000)
 Metaspace       used 33376K, capacity 35384K, committed 35456K, reserved 1079296K
  class space    used 4334K, capacity 4708K, committed 4736K, reserved 1048576K
Event: 5.026 GC heap after
Heap after GC invocations=8 (full 1):
 PSYoungGen      total 138240K, used 9210K [0x00000000d6100000, 0x00000000e1980000, 0x0000000100000000)
  eden space 129024K, 0% used [0x00000000d6100000,0x00000000d6100000,0x00000000ddf00000)
  from space 9216K, 99% used [0x00000000ddf00000,0x00000000de7fe8a0,0x00000000de800000)
  to   space 11776K, 0% used [0x00000000e0e00000,0x00000000e0e00000,0x00000000e1980000)
 ParOldGen       total 55296K, used 9306K [0x0000000082200000, 0x0000000085800000, 0x00000000d6100000)
  object space 55296K, 16% used [0x0000000082200000,0x0000000082b168a0,0x0000000085800000)
 Metaspace       used 33376K, capacity 35384K, committed 35456K, reserved 1079296K
  class space    used 4334K, capacity 4708K, committed 4736K, reserved 1048576K
}
Event: 5.026 GC heap before
{Heap before GC invocations=9 (full 2):
 PSYoungGen      total 138240K, used 9210K [0x00000000d6100000, 0x00000000e1980000, 0x0000000100000000)
  eden space 129024K, 0% used [0x00000000d6100000,0x00000000d6100000,0x00000000ddf00000)
  from space 9216K, 99% used [0x00000000ddf00000,0x00000000de7fe8a0,0x00000000de800000)
  to   space 11776K, 0% used [0x00000000e0e00000,0x00000000e0e00000,0x00000000e1980000)
 ParOldGen       total 55296K, used 9306K [0x0000000082200000, 0x0000000085800000, 0x00000000d6100000)
  object space 55296K, 16% used [0x0000000082200000,0x0000000082b168a0,0x0000000085800000)
 Metaspace       used 33376K, capacity 35384K, committed 35456K, reserved 1079296K
  class space    used 4334K, capacity 4708K, committed 4736K, reserved 1048576K
Event: 5.099 GC heap after
Heap after GC invocations=9 (full 2):
 PSYoungGen      total 138240K, used 0K [0x00000000d6100000, 0x00000000e1980000, 0x0000000100000000)
  eden space 129024K, 0% used [0x00000000d6100000,0x00000000d6100000,0x00000000ddf00000)
  from space 9216K, 0% used [0x00000000ddf00000,0x00000000ddf00000,0x00000000de800000)
  to   space 11776K, 0% used [0x00000000e0e00000,0x00000000e0e00000,0x00000000e1980000)
 ParOldGen       total 55296K, used 15959K [0x0000000082200000, 0x0000000085800000, 0x00000000d6100000)
  object space 55296K, 28% used [0x0000000082200000,0x0000000083195ca8,0x0000000085800000)
 Metaspace       used 33376K, capacity 35384K, committed 35456K, reserved 1079296K
  class space    used 4334K, capacity 4708K, committed 4736K, reserved 1048576K
}

